<?xml version="1.0" encoding="UTF-8"?>
<!-- Generated by org.testng.reporters.JUnitReportReporter -->
<testsuite skipped="0" hostname="Nilmie" name="Test.Runner" tests="1" failures="0" timestamp="2021-01-18T15:39:10 IST" time="48.424" errors="0">
  <testcase name="ESS_LeaveRequest" time="48.424" classname="Test.Runner"/>
  <system-out/>
</testsuite> <!-- Test.Runner -->
